-------------------------------------------------------------------------------
Test set: rest.LoginEndpointTest
-------------------------------------------------------------------------------
Tests run: 10, Failures: 10, Errors: 0, Skipped: 0, Time elapsed: 5.972 s <<< FAILURE! - in rest.LoginEndpointTest
testAutorizedAdminCannotAccesUserPage  Time elapsed: 1.384 s  <<< FAILURE!
java.lang.AssertionError: 
1 expectation failed.
Expected status code <401> but was <404>.

	at rest.LoginEndpointTest.testAutorizedAdminCannotAccesUserPage(LoginEndpointTest.java:172)

testRestForMultiRole1  Time elapsed: 0.325 s  <<< FAILURE!
java.lang.AssertionError: 
1 expectation failed.
Expected status code <200> but was <404>.

	at rest.LoginEndpointTest.testRestForMultiRole1(LoginEndpointTest.java:184)

testRestForMultiRole2  Time elapsed: 0.313 s  <<< FAILURE!
java.lang.AssertionError: 
1 expectation failed.
Expected status code <200> but was <404>.

	at rest.LoginEndpointTest.testRestForMultiRole2(LoginEndpointTest.java:196)

adminNotAuthenticated  Time elapsed: 0.225 s  <<< FAILURE!
java.lang.AssertionError: 
1 expectation failed.
Expected status code <403> but was <404>.

	at rest.LoginEndpointTest.adminNotAuthenticated(LoginEndpointTest.java:219)

testAutorizedUserCannotAccesAdminPage  Time elapsed: 0.313 s  <<< FAILURE!
java.lang.AssertionError: 
1 expectation failed.
Expected status code <401> but was <404>.

	at rest.LoginEndpointTest.testAutorizedUserCannotAccesAdminPage(LoginEndpointTest.java:161)

testRestNoAuthenticationRequired  Time elapsed: 0.224 s  <<< FAILURE!
java.lang.AssertionError: 
1 expectation failed.
Expected status code <200> but was <404>.

	at rest.LoginEndpointTest.testRestNoAuthenticationRequired(LoginEndpointTest.java:124)

userNotAuthenticated  Time elapsed: 0.222 s  <<< FAILURE!
java.lang.AssertionError: 
1 expectation failed.
Expected status code <403> but was <404>.

	at rest.LoginEndpointTest.userNotAuthenticated(LoginEndpointTest.java:207)

testRestForUser  Time elapsed: 0.304 s  <<< FAILURE!
java.lang.AssertionError: 
1 expectation failed.
Expected status code <200> but was <404>.

	at rest.LoginEndpointTest.testRestForUser(LoginEndpointTest.java:149)

testRestForAdmin  Time elapsed: 0.311 s  <<< FAILURE!
java.lang.AssertionError: 
1 expectation failed.
Expected status code <200> but was <404>.

	at rest.LoginEndpointTest.testRestForAdmin(LoginEndpointTest.java:137)

serverIsRunning  Time elapsed: 0.235 s  <<< FAILURE!
java.lang.AssertionError: 
1 expectation failed.
Expected status code <200> but was <404>.

	at rest.LoginEndpointTest.serverIsRunning(LoginEndpointTest.java:115)

